;***************************
;    TESTFALL 4
;***************************

Eingelesene Wörter: 
PROGRAMMIERUNG, ZEIT, KONZENTRATION, RECHNEN, ERGEBNIS, INTEGRAL, STOCHASTIK, 
STATISTIK

Rätsel nicht versteckt
     S        
     T        
     O        
     C        
  K EH   Z    
PROGRAMMIERUNG
 EN GS  NI    
 CZ ET  TT    
 HE BI  E     
 NN NK  G     
 ET I   R     
 NR S   A     
  A     L     
 STATISTIK    
  I           
  O           
  N           

Rätsel versteckt
KKSFUSVBUODBBE
NWQDETVSETXSSB
ERTPEOCJRWFRLV
RVFOECJKTZJURR
GVKDEHAYJZFQIN
PROGRAMMIERUNG
BENPGSVCNIYBAH
GCZTETXHTTHEDB
HHEPBIWBESNEUB
JNNBNKTJGSAOPH
LETAIGCTRFUWAM
FNRFSYKBAKWNZP
KEAVGUICLRAOMP
USTATISTIKRRRF
NDIZJDMACJZIGX
SPOPDTONQNMMLJ
ZSNMGESKWTVXNS

Kompaktheitsmaß: 238
