;***************************
;    TESTFALL 2
;***************************

Eingelesene Wörter: 
AUTO, LADUNG, UNGARN, MILCH, ESSEN, VERSUCH, MATHEMATIK, INFORMATIK, 
PROGRAMMIERUNG

Rätsel nicht versteckt
            M    
            A    
            T  V 
            H  E 
            E  R 
            M  S 
            A  UI
            T  CN
           MILCHF
            KAUTO
             DN R
             UG M
         ESSENA A
PROGRAMMIERUNGR T
              N I
                K

Rätsel versteckt
CDFOLXUCTYOTMUHGX
NPSKNPLZXRKPABMLL
PJUCJMQLGZUNTBJVR
XKIHBLREYIOOHMDEV
VUVNKYLNEXSLELGRS
KNQPNJICURZKMIJSV
XPWPNGOOLRLNAXYUI
BZKRIOVGKCXCTFDCN
XUDGPLEKZLBMILCHF
CSPBITYHRMNUKAUTO
YEGXWFSKRKAUZDNOR
RVINECVUEKMZJUGPM
NKNLOKCXPESSENAQA
PROGRAMMIERUNGRAT
OBVEPYHWFLVXVWNNI
TCNFNNXJSKIOWTRNK

Kompaktheitsmaß: 272
