;***************************
;    TESTFALL 3
;***************************

Eingelesene Wörter: 
PRUEFUNG, AUFGABE, MATHEMATIK, INFORMATIK, PROGRAMMIERUNG, 
ZEIT

Rätsel nicht versteckt
   M    
   A    
ZEIT    
  AH  I 
PRUEFUNG
R FM  F 
O GA  O 
G AT  R 
R BI  M 
A EK  A 
M     T 
M     I 
I     K 
E       
R       
U       
N       
G       

Rätsel versteckt
ZSXMICAY
SHSADLXS
ZEITCHCT
YGAHZHID
PRUEFUNG
RIFMDXFB
OUGAXVOL
GGATFURR
RZBIMTMO
AMEKLJAA
MDQWZNTB
MOMIBAIB
IVIJPVKL
EXYBZNUU
RMOQMIJV
UONYLXMJ
NXSBEHUW
GQIXOGPE

Kompaktheitsmaß: 144
